<?xml version="1.0" encoding="UTF-8"?>
<!-- Generated by org.testng.reporters.JUnitReportReporter -->
<testsuite hostname="aginclap018" name="com.depuracion.ejecucion.Ejecucion" tests="1" failures="0" timestamp="28 Aug 2018 04:09:16 GMT" time="4.147" errors="0">
  <testcase name="ejecucion" time="4.147" classname="com.depuracion.ejecucion.Ejecucion"/>
</testsuite> <!-- com.depuracion.ejecucion.Ejecucion -->
