<?xml version="1.0" encoding="UTF-8"?>
<!-- Generated by org.testng.reporters.JUnitReportReporter -->
<testsuite hostname="aginclap018" name="com.depuracion.login.AOL" tests="2" failures="0" timestamp="21 Aug 2018 21:42:42 GMT" time="96.844" errors="0">
  <testcase name="Login" time="22.100" classname="com.depuracion.login.AOL"/>
  <testcase name="Login" time="74.744" classname="com.depuracion.login.AOL"/>
</testsuite> <!-- com.depuracion.login.AOL -->
