<?xml version="1.0" encoding="UTF-8"?>
<!-- Generated by org.testng.reporters.JUnitReportReporter -->
<testsuite hostname="aginclap018" name="com.depuracion.ejecucion.Ejecucion" tests="1" failures="0" timestamp="23 Aug 2018 19:22:16 GMT" time="85.431" errors="0">
  <testcase name="ejecucion" time="85.431" classname="com.depuracion.ejecucion.Ejecucion"/>
</testsuite> <!-- com.depuracion.ejecucion.Ejecucion -->
