<?xml version="1.0" encoding="UTF-8"?>
<!-- Generated by org.testng.reporters.JUnitReportReporter -->
<testsuite hostname="aginclap018" name="com.depuracion.login.AOL" tests="2" failures="0" timestamp="21 Aug 2018 18:08:20 GMT" time="32.032" errors="0">
  <testcase name="Login" time="18.132" classname="com.depuracion.login.AOL"/>
  <testcase name="Login" time="13.900" classname="com.depuracion.login.AOL"/>
</testsuite> <!-- com.depuracion.login.AOL -->
