<?xml version="1.0" encoding="UTF-8"?>
<!-- Generated by org.testng.reporters.JUnitReportReporter -->
<testsuite hostname="aginclap018" name="com.depuracion.ejecucion.Ejecucion" tests="1" failures="0" timestamp="23 Aug 2018 19:15:07 GMT" time="148.345" errors="0">
  <testcase name="ejecucion" time="148.345" classname="com.depuracion.ejecucion.Ejecucion"/>
</testsuite> <!-- com.depuracion.ejecucion.Ejecucion -->
